# JRE version: OpenJDK Runtime Environment (8.0_181-b13) (build 1.8.0_181-b13)
# Java VM: OpenJDK 64-Bit Server VM (25.181-b13 mixed mode linux-amd64 compressed oops)
Heap:
 PSYoungGen      total 1821696K, used 454817K [0x0000000719400000, 0x00000007c0000000, 0x00000007c0000000)
  eden space 911360K, 0% used [0x0000000719400000,0x0000000719400000,0x0000000750e00000)
  from space 910336K, 49% used [0x0000000788700000,0x00000007a43284a8,0x00000007c0000000)
  to   space 910336K, 0% used [0x0000000750e00000,0x0000000750e00000,0x0000000788700000)
 ParOldGen       total 2777088K, used 2776854K [0x00000005cbc00000, 0x0000000675400000, 0x0000000719400000)
  object space 2777088K, 99% used [0x00000005cbc00000,0x00000006753c5a58,0x0000000675400000)
 Metaspace       used 4056K, capacity 4824K, committed 5120K, reserved 1056768K
  class space    used 419K, capacity 456K, committed 512K, reserved 1048576K
GC Heap History (33 events):
Event: 1.553 GC heap before
{Heap before GC invocations=1 (full 0):
 PSYoungGen      total 150016K, used 129024K [0x0000000719400000, 0x0000000723b00000, 0x00000007c0000000)
  eden space 129024K, 100% used [0x0000000719400000,0x0000000721200000,0x0000000721200000)
  from space 20992K, 0% used [0x0000000722680000,0x0000000722680000,0x0000000723b00000)
  to   space 20992K, 0% used [0x0000000721200000,0x0000000721200000,0x0000000722680000)
 ParOldGen       total 343040K, used 0K [0x00000005cbc00000, 0x00000005e0b00000, 0x0000000719400000)
  object space 343040K, 0% used [0x00000005cbc00000,0x00000005cbc00000,0x00000005e0b00000)
 Metaspace       used 4054K, capacity 4824K, committed 5120K, reserved 1056768K
  class space    used 419K, capacity 456K, committed 512K, reserved 1048576K
Event: 1.864 GC heap after
Heap after GC invocations=1 (full 0):
 PSYoungGen      total 150016K, used 20960K [0x0000000719400000, 0x000000072b900000, 0x00000007c0000000)
  eden space 129024K, 0% used [0x0000000719400000,0x0000000719400000,0x0000000721200000)
  from space 20992K, 99% used [0x0000000721200000,0x0000000722678020,0x0000000722680000)
  to   space 20992K, 0% used [0x000000072a480000,0x000000072a480000,0x000000072b900000)
 ParOldGen       total 343040K, used 42011K [0x00000005cbc00000, 0x00000005e0b00000, 0x0000000719400000)
  object space 343040K, 12% used [0x00000005cbc00000,0x00000005ce506d38,0x00000005e0b00000)
 Metaspace       used 4054K, capacity 4824K, committed 5120K, reserved 1056768K
  class space    used 419K, capacity 456K, committed 512K, reserved 1048576K
}
Event: 1.929 GC heap before
{Heap before GC invocations=2 (full 0):
 PSYoungGen      total 150016K, used 149984K [0x0000000719400000, 0x000000072b900000, 0x00000007c0000000)
  eden space 129024K, 100% used [0x0000000719400000,0x0000000721200000,0x0000000721200000)
  from space 20992K, 99% used [0x0000000721200000,0x0000000722678020,0x0000000722680000)
  to   space 20992K, 0% used [0x000000072a480000,0x000000072a480000,0x000000072b900000)
 ParOldGen       total 343040K, used 42011K [0x00000005cbc00000, 0x00000005e0b00000, 0x0000000719400000)
  object space 343040K, 12% used [0x00000005cbc00000,0x00000005ce506d38,0x00000005e0b00000)
 Metaspace       used 4056K, capacity 4824K, committed 5120K, reserved 1056768K
  class space    used 419K, capacity 456K, committed 512K, reserved 1048576K
Event: 2.115 GC heap after
Heap after GC invocations=2 (full 0):
 PSYoungGen      total 279040K, used 20960K [0x0000000719400000, 0x000000072b900000, 0x00000007c0000000)
  eden space 258048K, 0% used [0x0000000719400000,0x0000000719400000,0x0000000729000000)
  from space 20992K, 99% used [0x000000072a480000,0x000000072b8f8020,0x000000072b900000)
  to   space 20992K, 0% used [0x0000000729000000,0x0000000729000000,0x000000072a480000)
 ParOldGen       total 343040K, used 110227K [0x00000005cbc00000, 0x00000005e0b00000, 0x0000000719400000)
  object space 343040K, 32% used [0x00000005cbc00000,0x00000005d27a4d38,0x00000005e0b00000)
 Metaspace       used 4056K, capacity 4824K, committed 5120K, reserved 1056768K
  class space    used 419K, capacity 456K, committed 512K, reserved 1048576K
}
Event: 2.292 GC heap before
{Heap before GC invocations=3 (full 0):
 PSYoungGen      total 279040K, used 279008K [0x0000000719400000, 0x000000072b900000, 0x00000007c0000000)
  eden space 258048K, 100% used [0x0000000719400000,0x0000000729000000,0x0000000729000000)
  from space 20992K, 99% used [0x000000072a480000,0x000000072b8f8020,0x000000072b900000)
  to   space 20992K, 0% used [0x0000000729000000,0x0000000729000000,0x000000072a480000)
 ParOldGen       total 343040K, used 110227K [0x00000005cbc00000, 0x00000005e0b00000, 0x0000000719400000)
  object space 343040K, 32% used [0x00000005cbc00000,0x00000005d27a4d38,0x00000005e0b00000)
 Metaspace       used 4056K, capacity 4824K, committed 5120K, reserved 1056768K
  class space    used 419K, capacity 456K, committed 512K, reserved 1048576K
Event: 2.871 GC heap after
Heap after GC invocations=3 (full 0):
 PSYoungGen      total 279040K, used 20960K [0x0000000719400000, 0x000000073b500000, 0x00000007c0000000)
  eden space 258048K, 0% used [0x0000000719400000,0x0000000719400000,0x0000000729000000)
  from space 20992K, 99% used [0x0000000729000000,0x000000072a478020,0x000000072a480000)
  to   space 20992K, 0% used [0x000000073a080000,0x000000073a080000,0x000000073b500000)
 ParOldGen       total 343040K, used 246659K [0x00000005cbc00000, 0x00000005e0b00000, 0x0000000719400000)
  object space 343040K, 71% used [0x00000005cbc00000,0x00000005dace0d48,0x00000005e0b00000)
 Metaspace       used 4056K, capacity 4824K, committed 5120K, reserved 1056768K
  class space    used 419K, capacity 456K, committed 512K, reserved 1048576K
}
Event: 2.871 GC heap before
{Heap before GC invocations=4 (full 1):
 PSYoungGen      total 279040K, used 20960K [0x0000000719400000, 0x000000073b500000, 0x00000007c0000000)
  eden space 258048K, 0% used [0x0000000719400000,0x0000000719400000,0x0000000729000000)
  from space 20992K, 99% used [0x0000000729000000,0x000000072a478020,0x000000072a480000)
  to   space 20992K, 0% used [0x000000073a080000,0x000000073a080000,0x000000073b500000)
 ParOldGen       total 343040K, used 246659K [0x00000005cbc00000, 0x00000005e0b00000, 0x0000000719400000)
  object space 343040K, 71% used [0x00000005cbc00000,0x00000005dace0d48,0x00000005e0b00000)
 Metaspace       used 4056K, capacity 4824K, committed 5120K, reserved 1056768K
  class space    used 419K, capacity 456K, committed 512K, reserved 1048576K
Event: 4.862 GC heap after
Heap after GC invocations=4 (full 1):
 PSYoungGen      total 279040K, used 0K [0x0000000719400000, 0x000000073b500000, 0x00000007c0000000)
  eden space 258048K, 0% used [0x0000000719400000,0x0000000719400000,0x0000000729000000)
  from space 20992K, 0% used [0x0000000729000000,0x0000000729000000,0x000000072a480000)
  to   space 20992K, 0% used [0x000000073a080000,0x000000073a080000,0x000000073b500000)
 ParOldGen       total 600064K, used 266668K [0x00000005cbc00000, 0x00000005f0600000, 0x0000000719400000)
  object space 600064K, 44% used [0x00000005cbc00000,0x00000005dc06b1c8,0x00000005f0600000)
 Metaspace       used 4056K, capacity 4824K, committed 5120K, reserved 1056768K
  class space    used 419K, capacity 456K, committed 512K, reserved 1048576K
}
Event: 4.984 GC heap before
{Heap before GC invocations=5 (full 1):
 PSYoungGen      total 279040K, used 258048K [0x0000000719400000, 0x000000073b500000, 0x00000007c0000000)
  eden space 258048K, 100% used [0x0000000719400000,0x0000000729000000,0x0000000729000000)
  from space 20992K, 0% used [0x0000000729000000,0x0000000729000000,0x000000072a480000)
  to   space 20992K, 0% used [0x000000073a080000,0x000000073a080000,0x000000073b500000)
 ParOldGen       total 600064K, used 266668K [0x00000005cbc00000, 0x00000005f0600000, 0x0000000719400000)
  object space 600064K, 44% used [0x00000005cbc00000,0x00000005dc06b1c8,0x00000005f0600000)
 Metaspace       used 4056K, capacity 4824K, committed 5120K, reserved 1056768K
  class space    used 419K, capacity 456K, committed 512K, reserved 1048576K
Event: 5.354 GC heap after
Heap after GC invocations=5 (full 1):
 PSYoungGen      total 414720K, used 20992K [0x0000000719400000, 0x000000073b500000, 0x00000007c0000000)
  eden space 393728K, 0% used [0x0000000719400000,0x0000000719400000,0x0000000731480000)
  from space 20992K, 100% used [0x000000073a080000,0x000000073b500000,0x000000073b500000)
  to   space 20992K, 0% used [0x0000000738c00000,0x0000000738c00000,0x000000073a080000)
 ParOldGen       total 600064K, used 382084K [0x00000005cbc00000, 0x00000005f0600000, 0x0000000719400000)
  object space 600064K, 63% used [0x00000005cbc00000,0x00000005e31211c8,0x00000005f0600000)
 Metaspace       used 4056K, capacity 4824K, committed 5120K, reserved 1056768K
  class space    used 419K, capacity 456K, committed 512K, reserved 1048576K
}
Event: 5.774 GC heap before
{Heap before GC invocations=6 (full 1):
 PSYoungGen      total 414720K, used 414720K [0x0000000719400000, 0x000000073b500000, 0x00000007c0000000)
  eden space 393728K, 100% used [0x0000000719400000,0x0000000731480000,0x0000000731480000)
  from space 20992K, 100% used [0x000000073a080000,0x000000073b500000,0x000000073b500000)
  to   space 20992K, 0% used [0x0000000738c00000,0x0000000738c00000,0x000000073a080000)
 ParOldGen       total 600064K, used 382084K [0x00000005cbc00000, 0x00000005f0600000, 0x0000000719400000)
  object space 600064K, 63% used [0x00000005cbc00000,0x00000005e31211c8,0x00000005f0600000)
 Metaspace       used 4056K, capacity 4824K, committed 5120K, reserved 1056768K
  class space    used 419K, capacity 456K, committed 512K, reserved 1048576K
Event: 6.581 GC heap after
Heap after GC invocations=6 (full 1):
 PSYoungGen      total 537088K, used 20992K [0x0000000719400000, 0x000000075ca80000, 0x00000007c0000000)
  eden space 516096K, 0% used [0x0000000719400000,0x0000000719400000,0x0000000738c00000)
  from space 20992K, 100% used [0x0000000738c00000,0x000000073a080000,0x000000073a080000)
  to   space 246784K, 0% used [0x000000074d980000,0x000000074d980000,0x000000075ca80000)
 ParOldGen       total 600064K, used 590244K [0x00000005cbc00000, 0x00000005f0600000, 0x0000000719400000)
  object space 600064K, 98% used [0x00000005cbc00000,0x00000005efc691c8,0x00000005f0600000)
 Metaspace       used 4056K, capacity 4824K, committed 5120K, reserved 1056768K
  class space    used 419K, capacity 456K, committed 512K, reserved 1048576K
}
Event: 6.581 GC heap before
{Heap before GC invocations=7 (full 2):
 PSYoungGen      total 537088K, used 20992K [0x0000000719400000, 0x000000075ca80000, 0x00000007c0000000)
  eden space 516096K, 0% used [0x0000000719400000,0x0000000719400000,0x0000000738c00000)
  from space 20992K, 100% used [0x0000000738c00000,0x000000073a080000,0x000000073a080000)
  to   space 246784K, 0% used [0x000000074d980000,0x000000074d980000,0x000000075ca80000)
 ParOldGen       total 600064K, used 590244K [0x00000005cbc00000, 0x00000005f0600000, 0x0000000719400000)
  object space 600064K, 98% used [0x00000005cbc00000,0x00000005efc691c8,0x00000005f0600000)
 Metaspace       used 4056K, capacity 4824K, committed 5120K, reserved 1056768K
  class space    used 419K, capacity 456K, committed 512K, reserved 1048576K
Event: 10.243 GC heap after
Heap after GC invocations=7 (full 2):
 PSYoungGen      total 537088K, used 10741K [0x0000000719400000, 0x000000075ca80000, 0x00000007c0000000)
  eden space 516096K, 0% used [0x0000000719400000,0x0000000719400000,0x0000000738c00000)
  from space 20992K, 51% used [0x0000000738c00000,0x000000073967d680,0x000000073a080000)
  to   space 246784K, 0% used [0x000000074d980000,0x000000074d980000,0x000000075ca80000)
 ParOldGen       total 1111040K, used 599588K [0x00000005cbc00000, 0x000000060f900000, 0x0000000719400000)
  object space 1111040K, 53% used [0x00000005cbc00000,0x00000005f05893a8,0x000000060f900000)
 Metaspace       used 4056K, capacity 4824K, committed 5120K, reserved 1056768K
  class space    used 419K, capacity 456K, committed 512K, reserved 1048576K
}
Event: 10.791 GC heap before
{Heap before GC invocations=8 (full 2):
 PSYoungGen      total 537088K, used 526837K [0x0000000719400000, 0x000000075ca80000, 0x00000007c0000000)
  eden space 516096K, 100% used [0x0000000719400000,0x0000000738c00000,0x0000000738c00000)
  from space 20992K, 51% used [0x0000000738c00000,0x000000073967d680,0x000000073a080000)
  to   space 246784K, 0% used [0x000000074d980000,0x000000074d980000,0x000000075ca80000)
 ParOldGen       total 1111040K, used 599588K [0x00000005cbc00000, 0x000000060f900000, 0x0000000719400000)
  object space 1111040K, 53% used [0x00000005cbc00000,0x00000005f05893a8,0x000000060f900000)
 Metaspace       used 4056K, capacity 4824K, committed 5120K, reserved 1056768K
  class space    used 419K, capacity 456K, committed 512K, reserved 1048576K
Event: 12.403 GC heap after
Heap after GC invocations=8 (full 2):
 PSYoungGen      total 791552K, used 246784K [0x0000000719400000, 0x000000076d280000, 0x00000007c0000000)
  eden space 544768K, 0% used [0x0000000719400000,0x0000000719400000,0x000000073a800000)
  from space 246784K, 100% used [0x000000074d980000,0x000000075ca80000,0x000000075ca80000)
  to   space 312832K, 0% used [0x000000073a800000,0x000000073a800000,0x000000074d980000)
 ParOldGen       total 1111040K, used 635988K [0x00000005cbc00000, 0x000000060f900000, 0x0000000719400000)
  object space 1111040K, 57% used [0x00000005cbc00000,0x00000005f29153a8,0x000000060f900000)
 Metaspace       used 4056K, capacity 4824K, committed 5120K, reserved 1056768K
  class space    used 419K, capacity 456K, committed 512K, reserved 1048576K
}
Event: 12.689 GC heap before
{Heap before GC invocations=9 (full 2):
 PSYoungGen      total 791552K, used 791552K [0x0000000719400000, 0x000000076d280000, 0x00000007c0000000)
  eden space 544768K, 100% used [0x0000000719400000,0x000000073a800000,0x000000073a800000)
  from space 246784K, 100% used [0x000000074d980000,0x000000075ca80000,0x000000075ca80000)
  to   space 312832K, 0% used [0x000000073a800000,0x000000073a800000,0x000000074d980000)
 ParOldGen       total 1111040K, used 635988K [0x00000005cbc00000, 0x000000060f900000, 0x0000000719400000)
  object space 1111040K, 57% used [0x00000005cbc00000,0x00000005f29153a8,0x000000060f900000)
 Metaspace       used 4056K, capacity 4824K, committed 5120K, reserved 1056768K
  class space    used 419K, capacity 456K, committed 512K, reserved 1048576K
Event: 14.980 GC heap after
Heap after GC invocations=9 (full 2):
 PSYoungGen      total 857600K, used 312832K [0x0000000719400000, 0x0000000787980000, 0x00000007c0000000)
  eden space 544768K, 0% used [0x0000000719400000,0x0000000719400000,0x000000073a800000)
  from space 312832K, 100% used [0x000000073a800000,0x000000074d980000,0x000000074d980000)
  to   space 479744K, 0% used [0x000000076a500000,0x000000076a500000,0x0000000787980000)
 ParOldGen       total 1111040K, used 857708K [0x00000005cbc00000, 0x000000060f900000, 0x0000000719400000)
  object space 1111040K, 77% used [0x00000005cbc00000,0x000000060019b3a8,0x000000060f900000)
 Metaspace       used 4056K, capacity 4824K, committed 5120K, reserved 1056768K
  class space    used 419K, capacity 456K, committed 512K, reserved 1048576K
}
Event: 15.028 GC heap before
{Heap before GC invocations=10 (full 3):
 PSYoungGen      total 857600K, used 312832K [0x0000000719400000, 0x0000000787980000, 0x00000007c0000000)
  eden space 544768K, 0% used [0x0000000719400000,0x0000000719400000,0x000000073a800000)
  from space 312832K, 100% used [0x000000073a800000,0x000000074d980000,0x000000074d980000)
  to   space 479744K, 0% used [0x000000076a500000,0x000000076a500000,0x0000000787980000)
 ParOldGen       total 1111040K, used 857708K [0x00000005cbc00000, 0x000000060f900000, 0x0000000719400000)
  object space 1111040K, 77% used [0x00000005cbc00000,0x000000060019b3a8,0x000000060f900000)
 Metaspace       used 4056K, capacity 4824K, committed 5120K, reserved 1056768K
  class space    used 419K, capacity 456K, committed 512K, reserved 1048576K
Event: 19.618 GC heap after
Heap after GC invocations=10 (full 3):
 PSYoungGen      total 857600K, used 58821K [0x0000000719400000, 0x0000000787980000, 0x00000007c0000000)
  eden space 544768K, 0% used [0x0000000719400000,0x0000000719400000,0x000000073a800000)
  from space 312832K, 18% used [0x000000073a800000,0x000000073e171408,0x000000074d980000)
  to   space 479744K, 0% used [0x000000076a500000,0x000000076a500000,0x0000000787980000)
 ParOldGen       total 1756160K, used 1110872K [0x00000005cbc00000, 0x0000000636f00000, 0x0000000719400000)
  object space 1756160K, 63% used [0x00000005cbc00000,0x000000060f8d6238,0x0000000636f00000)
 Metaspace       used 4056K, capacity 4824K, committed 5120K, reserved 1056768K
  class space    used 419K, capacity 456K, committed 512K, reserved 1048576K
}
Event: 19.855 GC heap before
{Heap before GC invocations=11 (full 3):
 PSYoungGen      total 857600K, used 603589K [0x0000000719400000, 0x0000000787980000, 0x00000007c0000000)
  eden space 544768K, 100% used [0x0000000719400000,0x000000073a800000,0x000000073a800000)
  from space 312832K, 18% used [0x000000073a800000,0x000000073e171408,0x000000074d980000)
  to   space 479744K, 0% used [0x000000076a500000,0x000000076a500000,0x0000000787980000)
 ParOldGen       total 1756160K, used 1110872K [0x00000005cbc00000, 0x0000000636f00000, 0x0000000719400000)
  object space 1756160K, 63% used [0x00000005cbc00000,0x000000060f8d6238,0x0000000636f00000)
 Metaspace       used 4056K, capacity 4824K, committed 5120K, reserved 1056768K
  class space    used 419K, capacity 456K, committed 512K, reserved 1048576K
Event: 22.172 GC heap after
Heap after GC invocations=11 (full 3):
 PSYoungGen      total 1293312K, used 346496K [0x0000000719400000, 0x0000000788b80000, 0x00000007c0000000)
  eden space 813568K, 0% used [0x0000000719400000,0x0000000719400000,0x000000074ae80000)
  from space 479744K, 72% used [0x000000076a500000,0x000000077f760000,0x0000000787980000)
  to   space 506368K, 0% used [0x000000074ae80000,0x000000074ae80000,0x0000000769d00000)
 ParOldGen       total 1756160K, used 1110872K [0x00000005cbc00000, 0x0000000636f00000, 0x0000000719400000)
  object space 1756160K, 63% used [0x00000005cbc00000,0x000000060f8d6238,0x0000000636f00000)
 Metaspace       used 4056K, capacity 4824K, committed 5120K, reserved 1056768K
  class space    used 419K, capacity 456K, committed 512K, reserved 1048576K
}
Event: 23.363 GC heap before
{Heap before GC invocations=12 (full 3):
 PSYoungGen      total 1293312K, used 1160064K [0x0000000719400000, 0x0000000788b80000, 0x00000007c0000000)
  eden space 813568K, 100% used [0x0000000719400000,0x000000074ae80000,0x000000074ae80000)
  from space 479744K, 72% used [0x000000076a500000,0x000000077f760000,0x0000000787980000)
  to   space 506368K, 0% used [0x000000074ae80000,0x000000074ae80000,0x0000000769d00000)
 ParOldGen       total 1756160K, used 1110872K [0x00000005cbc00000, 0x0000000636f00000, 0x0000000719400000)
  object space 1756160K, 63% used [0x00000005cbc00000,0x000000060f8d6238,0x0000000636f00000)
 Metaspace       used 4056K, capacity 4824K, committed 5120K, reserved 1056768K
  class space    used 419K, capacity 456K, committed 512K, reserved 1048576K
Event: 25.453 GC heap after
Heap after GC invocations=12 (full 3):
 PSYoungGen      total 1319936K, used 506368K [0x0000000719400000, 0x00000007af900000, 0x00000007c0000000)
  eden space 813568K, 0% used [0x0000000719400000,0x0000000719400000,0x000000074ae80000)
  from space 506368K, 100% used [0x000000074ae80000,0x0000000769d00000,0x0000000769d00000)
  to   space 697344K, 0% used [0x0000000785000000,0x0000000785000000,0x00000007af900000)
 ParOldGen       total 1756160K, used 1380600K [0x00000005cbc00000, 0x0000000636f00000, 0x0000000719400000)
  object space 1756160K, 78% used [0x00000005cbc00000,0x000000062003e238,0x0000000636f00000)
 Metaspace       used 4056K, capacity 4824K, committed 5120K, reserved 1056768K
  class space    used 419K, capacity 456K, committed 512K, reserved 1048576K
}
Event: 25.812 GC heap before
{Heap before GC invocations=13 (full 3):
 PSYoungGen      total 1319936K, used 1319936K [0x0000000719400000, 0x00000007af900000, 0x00000007c0000000)
  eden space 813568K, 100% used [0x0000000719400000,0x000000074ae80000,0x000000074ae80000)
  from space 506368K, 100% used [0x000000074ae80000,0x0000000769d00000,0x0000000769d00000)
  to   space 697344K, 0% used [0x0000000785000000,0x0000000785000000,0x00000007af900000)
 ParOldGen       total 1756160K, used 1380600K [0x00000005cbc00000, 0x0000000636f00000, 0x0000000719400000)
  object space 1756160K, 78% used [0x00000005cbc00000,0x000000062003e238,0x0000000636f00000)
 Metaspace       used 4056K, capacity 4824K, committed 5120K, reserved 1056768K
  class space    used 419K, capacity 456K, committed 512K, reserved 1048576K
Event: 28.465 GC heap after
Heap after GC invocations=13 (full 3):
 PSYoungGen      total 1566720K, used 697344K [0x0000000719400000, 0x00000007c0000000, 0x00000007c0000000)
  eden space 869376K, 0% used [0x0000000719400000,0x0000000719400000,0x000000074e500000)
  from space 697344K, 100% used [0x0000000785000000,0x00000007af900000,0x00000007af900000)
  to   space 896000K, 0% used [0x000000074e500000,0x000000074e500000,0x0000000785000000)
 ParOldGen       total 1756160K, used 1619368K [0x00000005cbc00000, 0x0000000636f00000, 0x0000000719400000)
  object space 1756160K, 92% used [0x00000005cbc00000,0x000000062e96a238,0x0000000636f00000)
 Metaspace       used 4056K, capacity 4824K, committed 5120K, reserved 1056768K
  class space    used 419K, capacity 456K, committed 512K, reserved 1048576K
}
Event: 28.487 GC heap before
{Heap before GC invocations=14 (full 4):
 PSYoungGen      total 1566720K, used 697344K [0x0000000719400000, 0x00000007c0000000, 0x00000007c0000000)
  eden space 869376K, 0% used [0x0000000719400000,0x0000000719400000,0x000000074e500000)
  from space 697344K, 100% used [0x0000000785000000,0x00000007af900000,0x00000007af900000)
  to   space 896000K, 0% used [0x000000074e500000,0x000000074e500000,0x0000000785000000)
 ParOldGen       total 1756160K, used 1619368K [0x00000005cbc00000, 0x0000000636f00000, 0x0000000719400000)
  object space 1756160K, 92% used [0x00000005cbc00000,0x000000062e96a238,0x0000000636f00000)
 Metaspace       used 4056K, capacity 4824K, committed 5120K, reserved 1056768K
  class space    used 419K, capacity 456K, committed 512K, reserved 1048576K
Event: 35.857 GC heap after
Heap after GC invocations=14 (full 4):
 PSYoungGen      total 1566720K, used 559062K [0x0000000719400000, 0x00000007c0000000, 0x00000007c0000000)
  eden space 869376K, 0% used [0x0000000719400000,0x0000000719400000,0x000000074e500000)
  from space 697344K, 80% used [0x0000000785000000,0x00000007a71f5848,0x00000007af900000)
  to   space 896000K, 0% used [0x000000074e500000,0x000000074e500000,0x0000000785000000)
 ParOldGen       total 2577408K, used 1755814K [0x00000005cbc00000, 0x0000000669100000, 0x0000000719400000)
  object space 2577408K, 68% used [0x00000005cbc00000,0x0000000636ea9b20,0x0000000669100000)
 Metaspace       used 4056K, capacity 4824K, committed 5120K, reserved 1056768K
  class space    used 419K, capacity 456K, committed 512K, reserved 1048576K
}
Event: 36.245 GC heap before
{Heap before GC invocations=15 (full 4):
 PSYoungGen      total 1566720K, used 1428438K [0x0000000719400000, 0x00000007c0000000, 0x00000007c0000000)
  eden space 869376K, 100% used [0x0000000719400000,0x000000074e500000,0x000000074e500000)
  from space 697344K, 80% used [0x0000000785000000,0x00000007a71f5848,0x00000007af900000)
  to   space 896000K, 0% used [0x000000074e500000,0x000000074e500000,0x0000000785000000)
 ParOldGen       total 2577408K, used 1755814K [0x00000005cbc00000, 0x0000000669100000, 0x0000000719400000)
  object space 2577408K, 68% used [0x00000005cbc00000,0x0000000636ea9b20,0x0000000669100000)
 Metaspace       used 4056K, capacity 4824K, committed 5120K, reserved 1056768K
  class space    used 419K, capacity 456K, committed 512K, reserved 1048576K
Event: 37.738 GC heap after
Heap after GC invocations=15 (full 4):
 PSYoungGen      total 1765376K, used 726752K [0x0000000719400000, 0x00000007c0000000, 0x00000007c0000000)
  eden space 869376K, 0% used [0x0000000719400000,0x0000000719400000,0x000000074e500000)
  from space 896000K, 81% used [0x000000074e500000,0x000000077aab8000,0x0000000785000000)
  to   space 910336K, 0% used [0x0000000788700000,0x0000000788700000,0x00000007c0000000)
 ParOldGen       total 2577408K, used 2048062K [0x00000005cbc00000, 0x0000000669100000, 0x0000000719400000)
  object space 2577408K, 79% used [0x00000005cbc00000,0x0000000648c0fb20,0x0000000669100000)
 Metaspace       used 4056K, capacity 4824K, committed 5120K, reserved 1056768K
  class space    used 419K, capacity 456K, committed 512K, reserved 1048576K
}
Event: 38.119 GC heap before
{Heap before GC invocations=16 (full 4):
 PSYoungGen      total 1765376K, used 1596128K [0x0000000719400000, 0x00000007c0000000, 0x00000007c0000000)
  eden space 869376K, 100% used [0x0000000719400000,0x000000074e500000,0x000000074e500000)
  from space 896000K, 81% used [0x000000074e500000,0x000000077aab8000,0x0000000785000000)
  to   space 910336K, 0% used [0x0000000788700000,0x0000000788700000,0x00000007c0000000)
 ParOldGen       total 2577408K, used 2048062K [0x00000005cbc00000, 0x0000000669100000, 0x0000000719400000)
  object space 2577408K, 79% used [0x00000005cbc00000,0x0000000648c0fb20,0x0000000669100000)
 Metaspace       used 4056K, capacity 4824K, committed 5120K, reserved 1056768K
  class space    used 419K, capacity 456K, committed 512K, reserved 1048576K
Event: 40.717 GC heap after
Heap after GC invocations=16 (full 4):
 PSYoungGen      total 1821696K, used 458912K [0x0000000719400000, 0x00000007c0000000, 0x00000007c0000000)
  eden space 911360K, 0% used [0x0000000719400000,0x0000000719400000,0x0000000750e00000)
  from space 910336K, 50% used [0x0000000788700000,0x00000007a4728000,0x00000007c0000000)
  to   space 910336K, 0% used [0x0000000750e00000,0x0000000750e00000,0x0000000788700000)
 ParOldGen       total 2777088K, used 2776158K [0x00000005cbc00000, 0x0000000675400000, 0x0000000719400000)
  object space 2777088K, 99% used [0x00000005cbc00000,0x0000000675317b20,0x0000000675400000)
 Metaspace       used 4056K, capacity 4824K, committed 5120K, reserved 1056768K
  class space    used 419K, capacity 456K, committed 512K, reserved 1048576K
}
Event: 40.717 GC heap before
{Heap before GC invocations=17 (full 5):
 PSYoungGen      total 1821696K, used 458912K [0x0000000719400000, 0x00000007c0000000, 0x00000007c0000000)
  eden space 911360K, 0% used [0x0000000719400000,0x0000000719400000,0x0000000750e00000)
  from space 910336K, 50% used [0x0000000788700000,0x00000007a4728000,0x00000007c0000000)
  to   space 910336K, 0% used [0x0000000750e00000,0x0000000750e00000,0x0000000788700000)
 ParOldGen       total 2777088K, used 2776158K [0x00000005cbc00000, 0x0000000675400000, 0x0000000719400000)
  object space 2777088K, 99% used [0x00000005cbc00000,0x0000000675317b20,0x0000000675400000)
 Metaspace       used 4056K, capacity 4824K, committed 5120K, reserved 1056768K
  class space    used 419K, capacity 456K, committed 512K, reserved 1048576K

